<?xml version="1.0" encoding="UTF-8"?>
<!-- Generated by org.testng.reporters.JUnitReportReporter -->
<testsuite skipped="0" hostname="FRT_DZAMORA" name="AKNXS.php.ecommerce.MyAccount_Login" tests="1" failures="0" timestamp="02 jul 2020 15:53:25 GMT" time="6.633" errors="0">
  <testcase name="Login" time="6.633" classname="AKNXS.php.ecommerce.MyAccount_Login"/>
</testsuite> <!-- AKNXS.php.ecommerce.MyAccount_Login -->
