<?xml version="1.0" encoding="UTF-8"?>
<!-- Generated by org.testng.reporters.JUnitReportReporter -->
<testsuite skipped="0" hostname="FRT_DZAMORA" name="AKNXS.php.ecommerce.MyAccount_Logout" tests="1" failures="0" timestamp="02 jul 2020 15:58:56 GMT" time="8.147" errors="0">
  <testcase name="Logout" time="8.147" classname="AKNXS.php.ecommerce.MyAccount_Logout"/>
</testsuite> <!-- AKNXS.php.ecommerce.MyAccount_Logout -->
