<?xml version="1.0" encoding="UTF-8"?>
<!-- Generated by org.testng.reporters.JUnitReportReporter -->
<testsuite skipped="0" hostname="FRT_DZAMORA" name="AKNXS.php.ecommerce.Checkout_NonLoggedUser" tests="1" failures="0" timestamp="02 jul 2020 03:38:07 GMT" time="13.220" errors="0">
  <testcase name="NonLoggedUser" time="13.220" classname="AKNXS.php.ecommerce.Checkout_NonLoggedUser"/>
</testsuite> <!-- AKNXS.php.ecommerce.Checkout_NonLoggedUser -->
