<?xml version="1.0" encoding="UTF-8"?>
<!-- Generated by org.testng.reporters.JUnitReportReporter -->
<testsuite skipped="0" hostname="FRT_DZAMORA" name="Checkout_NonLoggedUser" tests="1" failures="0" timestamp="02 jul 2020 03:12:31 GMT" time="13.404" errors="0">
  <testcase name="NonLoggedUser" time="13.404" classname="Checkout_NonLoggedUser"/>
</testsuite> <!-- Checkout_NonLoggedUser -->
