<?xml version="1.0" encoding="UTF-8"?>
<!-- Generated by org.testng.reporters.JUnitReportReporter -->
<testsuite skipped="0" hostname="FRT_DZAMORA" name="Checkout_LoggedUser" tests="1" failures="0" timestamp="02 jul 2020 03:06:58 GMT" time="18.311" errors="0">
  <testcase name="LoggedUser" time="18.311" classname="Checkout_LoggedUser"/>
</testsuite> <!-- Checkout_LoggedUser -->
